{"D:\\Anton\\fullstackopen\\part5\\bloglist-frontend\\src\\App.jsx": {"path":"D:\\Anton\\fullstackopen\\part5\\bloglist-frontend\\src\\App.jsx","statementMap":{"0":{"start":{"line":11,"column":12},"end":{"line":158,"column":1}},"1":{"start":{"line":12,"column":28},"end":{"line":12,"column":40}},"2":{"start":{"line":13,"column":42},"end":{"line":13,"column":56}},"3":{"start":{"line":14,"column":34},"end":{"line":14,"column":46}},"4":{"start":{"line":15,"column":34},"end":{"line":15,"column":46}},"5":{"start":{"line":17,"column":26},"end":{"line":17,"column":40}},"6":{"start":{"line":19,"column":22},"end":{"line":19,"column":30}},"7":{"start":{"line":21,"column":2},"end":{"line":25,"column":8}},"8":{"start":{"line":22,"column":4},"end":{"line":24,"column":5}},"9":{"start":{"line":23,"column":6},"end":{"line":23,"column":23}},"10":{"start":{"line":27,"column":2},"end":{"line":34,"column":8}},"11":{"start":{"line":28,"column":27},"end":{"line":28,"column":75}},"12":{"start":{"line":29,"column":4},"end":{"line":33,"column":5}},"13":{"start":{"line":30,"column":19},"end":{"line":30,"column":45}},"14":{"start":{"line":31,"column":6},"end":{"line":31,"column":19}},"15":{"start":{"line":32,"column":6},"end":{"line":32,"column":38}},"16":{"start":{"line":36,"column":24},"end":{"line":59,"column":3}},"17":{"start":{"line":37,"column":4},"end":{"line":37,"column":42}},"18":{"start":{"line":38,"column":4},"end":{"line":47,"column":5}},"19":{"start":{"line":39,"column":6},"end":{"line":42,"column":8}},"20":{"start":{"line":43,"column":6},"end":{"line":45,"column":14}},"21":{"start":{"line":44,"column":8},"end":{"line":44,"column":29}},"22":{"start":{"line":46,"column":6},"end":{"line":46,"column":17}},"23":{"start":{"line":49,"column":24},"end":{"line":50,"column":22}},"24":{"start":{"line":51,"column":4},"end":{"line":51,"column":39}},"25":{"start":{"line":52,"column":4},"end":{"line":55,"column":6}},"26":{"start":{"line":56,"column":4},"end":{"line":58,"column":12}},"27":{"start":{"line":57,"column":6},"end":{"line":57,"column":27}},"28":{"start":{"line":61,"column":21},"end":{"line":70,"column":3}},"29":{"start":{"line":62,"column":22},"end":{"line":62,"column":50}},"30":{"start":{"line":63,"column":4},"end":{"line":69,"column":5}},"31":{"start":{"line":65,"column":8},"end":{"line":67,"column":16}},"32":{"start":{"line":72,"column":27},"end":{"line":79,"column":3}},"33":{"start":{"line":73,"column":4},"end":{"line":78,"column":5}},"34":{"start":{"line":74,"column":6},"end":{"line":74,"column":40}},"35":{"start":{"line":75,"column":6},"end":{"line":77,"column":7}},"36":{"start":{"line":76,"column":36},"end":{"line":76,"column":62}},"37":{"start":{"line":81,"column":22},"end":{"line":106,"column":3}},"38":{"start":{"line":82,"column":4},"end":{"line":82,"column":26}},"39":{"start":{"line":83,"column":4},"end":{"line":105,"column":5}},"40":{"start":{"line":84,"column":19},"end":{"line":86,"column":8}},"41":{"start":{"line":88,"column":6},"end":{"line":88,"column":38}},"42":{"start":{"line":89,"column":6},"end":{"line":91,"column":7}},"43":{"start":{"line":93,"column":6},"end":{"line":93,"column":19}},"44":{"start":{"line":94,"column":6},"end":{"line":94,"column":21}},"45":{"start":{"line":95,"column":6},"end":{"line":95,"column":21}},"46":{"start":{"line":97,"column":6},"end":{"line":100,"column":8}},"47":{"start":{"line":101,"column":6},"end":{"line":101,"column":28}},"48":{"start":{"line":102,"column":6},"end":{"line":104,"column":14}},"49":{"start":{"line":103,"column":8},"end":{"line":103,"column":29}},"50":{"start":{"line":108,"column":23},"end":{"line":111,"column":3}},"51":{"start":{"line":109,"column":4},"end":{"line":109,"column":55}},"52":{"start":{"line":110,"column":4},"end":{"line":110,"column":17}},"53":{"start":{"line":113,"column":20},"end":{"line":121,"column":3}},"54":{"start":{"line":114,"column":4},"end":{"line":120,"column":6}},"55":{"start":{"line":117,"column":44},"end":{"line":117,"column":69}},"56":{"start":{"line":118,"column":44},"end":{"line":118,"column":69}},"57":{"start":{"line":123,"column":19},"end":{"line":130,"column":3}},"58":{"start":{"line":124,"column":4},"end":{"line":129,"column":6}},"59":{"start":{"line":125,"column":34},"end":{"line":125,"column":51}},"60":{"start":{"line":132,"column":19},"end":{"line":138,"column":3}},"61":{"start":{"line":133,"column":4},"end":{"line":137,"column":16}},"62":{"start":{"line":140,"column":2},"end":{"line":157,"column":3}}},"fnMap":{"0":{"name":"(anonymous_0)","decl":{"start":{"line":11,"column":12},"end":{"line":11,"column":13}},"loc":{"start":{"line":11,"column":18},"end":{"line":158,"column":1}},"line":11},"1":{"name":"(anonymous_1)","decl":{"start":{"line":21,"column":12},"end":{"line":21,"column":13}},"loc":{"start":{"line":21,"column":18},"end":{"line":25,"column":3}},"line":21},"2":{"name":"(anonymous_2)","decl":{"start":{"line":22,"column":30},"end":{"line":22,"column":31}},"loc":{"start":{"line":23,"column":6},"end":{"line":23,"column":23}},"line":23},"3":{"name":"(anonymous_3)","decl":{"start":{"line":27,"column":12},"end":{"line":27,"column":13}},"loc":{"start":{"line":27,"column":18},"end":{"line":34,"column":3}},"line":27},"4":{"name":"(anonymous_4)","decl":{"start":{"line":36,"column":24},"end":{"line":36,"column":25}},"loc":{"start":{"line":36,"column":43},"end":{"line":59,"column":3}},"line":36},"5":{"name":"(anonymous_5)","decl":{"start":{"line":43,"column":17},"end":{"line":43,"column":18}},"loc":{"start":{"line":43,"column":23},"end":{"line":45,"column":7}},"line":43},"6":{"name":"(anonymous_6)","decl":{"start":{"line":56,"column":15},"end":{"line":56,"column":16}},"loc":{"start":{"line":56,"column":21},"end":{"line":58,"column":5}},"line":56},"7":{"name":"(anonymous_7)","decl":{"start":{"line":61,"column":21},"end":{"line":61,"column":22}},"loc":{"start":{"line":61,"column":37},"end":{"line":70,"column":3}},"line":61},"8":{"name":"(anonymous_8)","decl":{"start":{"line":64,"column":16},"end":{"line":64,"column":17}},"loc":{"start":{"line":65,"column":8},"end":{"line":67,"column":16}},"line":65},"9":{"name":"(anonymous_9)","decl":{"start":{"line":72,"column":27},"end":{"line":72,"column":28}},"loc":{"start":{"line":72,"column":43},"end":{"line":79,"column":3}},"line":72},"10":{"name":"(anonymous_10)","decl":{"start":{"line":76,"column":21},"end":{"line":76,"column":22}},"loc":{"start":{"line":76,"column":36},"end":{"line":76,"column":62}},"line":76},"11":{"name":"(anonymous_11)","decl":{"start":{"line":81,"column":22},"end":{"line":81,"column":23}},"loc":{"start":{"line":81,"column":39},"end":{"line":106,"column":3}},"line":81},"12":{"name":"(anonymous_12)","decl":{"start":{"line":102,"column":17},"end":{"line":102,"column":18}},"loc":{"start":{"line":102,"column":23},"end":{"line":104,"column":7}},"line":102},"13":{"name":"(anonymous_13)","decl":{"start":{"line":108,"column":23},"end":{"line":108,"column":24}},"loc":{"start":{"line":108,"column":29},"end":{"line":111,"column":3}},"line":108},"14":{"name":"(anonymous_14)","decl":{"start":{"line":113,"column":20},"end":{"line":113,"column":21}},"loc":{"start":{"line":114,"column":4},"end":{"line":120,"column":6}},"line":114},"15":{"name":"(anonymous_15)","decl":{"start":{"line":117,"column":28},"end":{"line":117,"column":29}},"loc":{"start":{"line":117,"column":44},"end":{"line":117,"column":69}},"line":117},"16":{"name":"(anonymous_16)","decl":{"start":{"line":118,"column":28},"end":{"line":118,"column":29}},"loc":{"start":{"line":118,"column":44},"end":{"line":118,"column":69}},"line":118},"17":{"name":"(anonymous_17)","decl":{"start":{"line":123,"column":19},"end":{"line":123,"column":20}},"loc":{"start":{"line":124,"column":4},"end":{"line":129,"column":6}},"line":124},"18":{"name":"(anonymous_18)","decl":{"start":{"line":125,"column":24},"end":{"line":125,"column":25}},"loc":{"start":{"line":125,"column":34},"end":{"line":125,"column":51}},"line":125},"19":{"name":"(anonymous_19)","decl":{"start":{"line":132,"column":19},"end":{"line":132,"column":20}},"loc":{"start":{"line":133,"column":4},"end":{"line":137,"column":16}},"line":133}},"branchMap":{"0":{"loc":{"start":{"line":29,"column":4},"end":{"line":33,"column":5}},"type":"if","locations":[{"start":{"line":29,"column":4},"end":{"line":33,"column":5}},{"start":{},"end":{}}],"line":29},"1":{"loc":{"start":{"line":38,"column":4},"end":{"line":47,"column":5}},"type":"if","locations":[{"start":{"line":38,"column":4},"end":{"line":47,"column":5}},{"start":{},"end":{}}],"line":38},"2":{"loc":{"start":{"line":38,"column":8},"end":{"line":38,"column":57}},"type":"binary-expr","locations":[{"start":{"line":38,"column":8},"end":{"line":38,"column":22}},{"start":{"line":38,"column":26},"end":{"line":38,"column":41}},{"start":{"line":38,"column":45},"end":{"line":38,"column":57}}],"line":38},"3":{"loc":{"start":{"line":65,"column":8},"end":{"line":67,"column":16}},"type":"cond-expr","locations":[{"start":{"line":66,"column":12},"end":{"line":66,"column":47}},{"start":{"line":67,"column":12},"end":{"line":67,"column":16}}],"line":65},"4":{"loc":{"start":{"line":73,"column":4},"end":{"line":78,"column":5}},"type":"if","locations":[{"start":{"line":73,"column":4},"end":{"line":78,"column":5}},{"start":{},"end":{}}],"line":73},"5":{"loc":{"start":{"line":142,"column":7},"end":{"line":154,"column":14}},"type":"cond-expr","locations":[{"start":{"line":143,"column":8},"end":{"line":147,"column":14}},{"start":{"line":148,"column":8},"end":{"line":154,"column":14}}],"line":142}},"s":{"0":0,"1":0,"2":0,"3":0,"4":0,"5":0,"6":0,"7":0,"8":0,"9":0,"10":0,"11":0,"12":0,"13":0,"14":0,"15":0,"16":0,"17":0,"18":0,"19":0,"20":0,"21":0,"22":0,"23":0,"24":0,"25":0,"26":0,"27":0,"28":0,"29":0,"30":0,"31":0,"32":0,"33":0,"34":0,"35":0,"36":0,"37":0,"38":0,"39":0,"40":0,"41":0,"42":0,"43":0,"44":0,"45":0,"46":0,"47":0,"48":0,"49":0,"50":0,"51":0,"52":0,"53":0,"54":0,"55":0,"56":0,"57":0,"58":0,"59":0,"60":0,"61":0,"62":0},"f":{"0":0,"1":0,"2":0,"3":0,"4":0,"5":0,"6":0,"7":0,"8":0,"9":0,"10":0,"11":0,"12":0,"13":0,"14":0,"15":0,"16":0,"17":0,"18":0,"19":0},"b":{"0":[0,0],"1":[0,0],"2":[0,0,0],"3":[0,0],"4":[0,0],"5":[0,0]}}
,"D:\\Anton\\fullstackopen\\part5\\bloglist-frontend\\src\\main.jsx": {"path":"D:\\Anton\\fullstackopen\\part5\\bloglist-frontend\\src\\main.jsx","statementMap":{"0":{"start":{"line":4,"column":0},"end":{"line":4,"column":68}}},"fnMap":{},"branchMap":{},"s":{"0":0},"f":{},"b":{}}
,"D:\\Anton\\fullstackopen\\part5\\bloglist-frontend\\src\\components\\Blog.jsx": {"path":"D:\\Anton\\fullstackopen\\part5\\bloglist-frontend\\src\\components\\Blog.jsx","statementMap":{"0":{"start":{"line":4,"column":13},"end":{"line":57,"column":4}},"1":{"start":{"line":10,"column":20},"end":{"line":16,"column":3}},"2":{"start":{"line":18,"column":34},"end":{"line":18,"column":49}},"3":{"start":{"line":20,"column":23},"end":{"line":26,"column":3}},"4":{"start":{"line":21,"column":4},"end":{"line":25,"column":5}},"5":{"start":{"line":22,"column":6},"end":{"line":24,"column":7}},"6":{"start":{"line":23,"column":43},"end":{"line":23,"column":61}},"7":{"start":{"line":28,"column":2},"end":{"line":37,"column":3}},"8":{"start":{"line":29,"column":4},"end":{"line":36,"column":5}},"9":{"start":{"line":33,"column":44},"end":{"line":33,"column":60}},"10":{"start":{"line":39,"column":2},"end":{"line":57,"column":3}},"11":{"start":{"line":42,"column":58},"end":{"line":42,"column":75}},"12":{"start":{"line":59,"column":0},"end":{"line":64,"column":1}}},"fnMap":{"0":{"name":"(anonymous_0)","decl":{"start":{"line":4,"column":13},"end":{"line":4,"column":14}},"loc":{"start":{"line":9,"column":6},"end":{"line":57,"column":4}},"line":9},"1":{"name":"(anonymous_1)","decl":{"start":{"line":20,"column":23},"end":{"line":20,"column":24}},"loc":{"start":{"line":20,"column":29},"end":{"line":26,"column":3}},"line":20},"2":{"name":"(anonymous_2)","decl":{"start":{"line":23,"column":37},"end":{"line":23,"column":38}},"loc":{"start":{"line":23,"column":43},"end":{"line":23,"column":61}},"line":23},"3":{"name":"(anonymous_3)","decl":{"start":{"line":33,"column":38},"end":{"line":33,"column":39}},"loc":{"start":{"line":33,"column":44},"end":{"line":33,"column":60}},"line":33},"4":{"name":"(anonymous_4)","decl":{"start":{"line":42,"column":52},"end":{"line":42,"column":53}},"loc":{"start":{"line":42,"column":58},"end":{"line":42,"column":75}},"line":42}},"branchMap":{"0":{"loc":{"start":{"line":21,"column":4},"end":{"line":25,"column":5}},"type":"if","locations":[{"start":{"line":21,"column":4},"end":{"line":25,"column":5}},{"start":{},"end":{}}],"line":21},"1":{"loc":{"start":{"line":28,"column":2},"end":{"line":37,"column":3}},"type":"if","locations":[{"start":{"line":28,"column":2},"end":{"line":37,"column":3}},{"start":{},"end":{}}],"line":28}},"s":{"0":1,"1":5,"2":5,"3":5,"4":2,"5":0,"6":0,"7":5,"8":3,"9":2,"10":2,"11":0,"12":1},"f":{"0":5,"1":2,"2":0,"3":2,"4":0},"b":{"0":[0,2],"1":[3,2]},"_coverageSchema":"1a1c01bbd47fc00a2c39e90264f33305004495a9","hash":"eb90656e361be541f06eed9ee428ad87afd33e44"}
,"D:\\Anton\\fullstackopen\\part5\\bloglist-frontend\\src\\components\\BlogForm.jsx": {"path":"D:\\Anton\\fullstackopen\\part5\\bloglist-frontend\\src\\components\\BlogForm.jsx","statementMap":{"0":{"start":{"line":4,"column":17},"end":{"line":75,"column":1}},"1":{"start":{"line":5,"column":28},"end":{"line":5,"column":40}},"2":{"start":{"line":6,"column":30},"end":{"line":6,"column":42}},"3":{"start":{"line":7,"column":24},"end":{"line":7,"column":36}},"4":{"start":{"line":9,"column":28},"end":{"line":11,"column":3}},"5":{"start":{"line":10,"column":4},"end":{"line":10,"column":32}},"6":{"start":{"line":12,"column":29},"end":{"line":14,"column":3}},"7":{"start":{"line":13,"column":4},"end":{"line":13,"column":33}},"8":{"start":{"line":15,"column":26},"end":{"line":17,"column":3}},"9":{"start":{"line":16,"column":4},"end":{"line":16,"column":30}},"10":{"start":{"line":19,"column":23},"end":{"line":30,"column":3}},"11":{"start":{"line":20,"column":4},"end":{"line":20,"column":26}},"12":{"start":{"line":21,"column":4},"end":{"line":26,"column":6}},"13":{"start":{"line":27,"column":4},"end":{"line":27,"column":16}},"14":{"start":{"line":28,"column":4},"end":{"line":28,"column":17}},"15":{"start":{"line":29,"column":4},"end":{"line":29,"column":14}},"16":{"start":{"line":32,"column":2},"end":{"line":74,"column":3}},"17":{"start":{"line":77,"column":0},"end":{"line":79,"column":1}}},"fnMap":{"0":{"name":"(anonymous_0)","decl":{"start":{"line":4,"column":17},"end":{"line":4,"column":18}},"loc":{"start":{"line":4,"column":40},"end":{"line":75,"column":1}},"line":4},"1":{"name":"(anonymous_1)","decl":{"start":{"line":9,"column":28},"end":{"line":9,"column":29}},"loc":{"start":{"line":9,"column":39},"end":{"line":11,"column":3}},"line":9},"2":{"name":"(anonymous_2)","decl":{"start":{"line":12,"column":29},"end":{"line":12,"column":30}},"loc":{"start":{"line":12,"column":40},"end":{"line":14,"column":3}},"line":12},"3":{"name":"(anonymous_3)","decl":{"start":{"line":15,"column":26},"end":{"line":15,"column":27}},"loc":{"start":{"line":15,"column":37},"end":{"line":17,"column":3}},"line":15},"4":{"name":"(anonymous_4)","decl":{"start":{"line":19,"column":23},"end":{"line":19,"column":24}},"loc":{"start":{"line":19,"column":34},"end":{"line":30,"column":3}},"line":19}},"branchMap":{},"s":{"0":1,"1":5,"2":5,"3":5,"4":5,"5":1,"6":5,"7":1,"8":5,"9":1,"10":5,"11":1,"12":1,"13":1,"14":1,"15":1,"16":5,"17":1},"f":{"0":5,"1":1,"2":1,"3":1,"4":1},"b":{},"_coverageSchema":"1a1c01bbd47fc00a2c39e90264f33305004495a9","hash":"de547a7efa146a2e3ccae9d0d05527d6deb704c6"}
,"D:\\Anton\\fullstackopen\\part5\\bloglist-frontend\\src\\components\\BlogList.jsx": {"path":"D:\\Anton\\fullstackopen\\part5\\bloglist-frontend\\src\\components\\BlogList.jsx","statementMap":{"0":{"start":{"line":6,"column":17},"end":{"line":23,"column":1}},"1":{"start":{"line":12,"column":2},"end":{"line":22,"column":8}},"2":{"start":{"line":14,"column":6},"end":{"line":20,"column":8}},"3":{"start":{"line":17,"column":26},"end":{"line":17,"column":42}},"4":{"start":{"line":18,"column":32},"end":{"line":18,"column":54}},"5":{"start":{"line":25,"column":0},"end":{"line":30,"column":1}}},"fnMap":{"0":{"name":"(anonymous_0)","decl":{"start":{"line":6,"column":17},"end":{"line":6,"column":18}},"loc":{"start":{"line":12,"column":2},"end":{"line":22,"column":8}},"line":12},"1":{"name":"(anonymous_1)","decl":{"start":{"line":13,"column":15},"end":{"line":13,"column":16}},"loc":{"start":{"line":14,"column":6},"end":{"line":20,"column":8}},"line":14},"2":{"name":"(anonymous_2)","decl":{"start":{"line":17,"column":20},"end":{"line":17,"column":21}},"loc":{"start":{"line":17,"column":26},"end":{"line":17,"column":42}},"line":17},"3":{"name":"(anonymous_3)","decl":{"start":{"line":18,"column":26},"end":{"line":18,"column":27}},"loc":{"start":{"line":18,"column":32},"end":{"line":18,"column":54}},"line":18}},"branchMap":{},"s":{"0":0,"1":0,"2":0,"3":0,"4":0,"5":0},"f":{"0":0,"1":0,"2":0,"3":0},"b":{}}
,"D:\\Anton\\fullstackopen\\part5\\bloglist-frontend\\src\\components\\LoginForm.jsx": {"path":"D:\\Anton\\fullstackopen\\part5\\bloglist-frontend\\src\\components\\LoginForm.jsx","statementMap":{"0":{"start":{"line":4,"column":18},"end":{"line":40,"column":1}},"1":{"start":{"line":11,"column":2},"end":{"line":39,"column":3}},"2":{"start":{"line":42,"column":0},"end":{"line":48,"column":1}}},"fnMap":{"0":{"name":"(anonymous_0)","decl":{"start":{"line":4,"column":18},"end":{"line":4,"column":19}},"loc":{"start":{"line":10,"column":6},"end":{"line":40,"column":1}},"line":10}},"branchMap":{},"s":{"0":0,"1":0,"2":0},"f":{"0":0},"b":{}}
,"D:\\Anton\\fullstackopen\\part5\\bloglist-frontend\\src\\components\\Notification.jsx": {"path":"D:\\Anton\\fullstackopen\\part5\\bloglist-frontend\\src\\components\\Notification.jsx","statementMap":{"0":{"start":{"line":3,"column":21},"end":{"line":13,"column":1}},"1":{"start":{"line":4,"column":2},"end":{"line":6,"column":3}},"2":{"start":{"line":5,"column":4},"end":{"line":5,"column":15}},"3":{"start":{"line":8,"column":2},"end":{"line":12,"column":3}}},"fnMap":{"0":{"name":"(anonymous_0)","decl":{"start":{"line":3,"column":21},"end":{"line":3,"column":22}},"loc":{"start":{"line":3,"column":38},"end":{"line":13,"column":1}},"line":3}},"branchMap":{"0":{"loc":{"start":{"line":4,"column":2},"end":{"line":6,"column":3}},"type":"if","locations":[{"start":{"line":4,"column":2},"end":{"line":6,"column":3}},{"start":{},"end":{}}],"line":4}},"s":{"0":0,"1":0,"2":0,"3":0},"f":{"0":0},"b":{"0":[0,0]}}
,"D:\\Anton\\fullstackopen\\part5\\bloglist-frontend\\src\\components\\Togglable.jsx": {"path":"D:\\Anton\\fullstackopen\\part5\\bloglist-frontend\\src\\components\\Togglable.jsx","statementMap":{"0":{"start":{"line":4,"column":18},"end":{"line":31,"column":2}},"1":{"start":{"line":5,"column":32},"end":{"line":5,"column":47}},"2":{"start":{"line":7,"column":26},"end":{"line":7,"column":60}},"3":{"start":{"line":8,"column":26},"end":{"line":8,"column":60}},"4":{"start":{"line":10,"column":27},"end":{"line":12,"column":3}},"5":{"start":{"line":11,"column":4},"end":{"line":11,"column":24}},"6":{"start":{"line":14,"column":2},"end":{"line":18,"column":4}},"7":{"start":{"line":15,"column":4},"end":{"line":17,"column":5}},"8":{"start":{"line":20,"column":2},"end":{"line":30,"column":3}},"9":{"start":{"line":33,"column":0},"end":{"line":35,"column":1}},"10":{"start":{"line":37,"column":0},"end":{"line":37,"column":36}}},"fnMap":{"0":{"name":"(anonymous_0)","decl":{"start":{"line":4,"column":35},"end":{"line":4,"column":36}},"loc":{"start":{"line":4,"column":51},"end":{"line":31,"column":1}},"line":4},"1":{"name":"(anonymous_1)","decl":{"start":{"line":10,"column":27},"end":{"line":10,"column":28}},"loc":{"start":{"line":10,"column":33},"end":{"line":12,"column":3}},"line":10},"2":{"name":"(anonymous_2)","decl":{"start":{"line":14,"column":27},"end":{"line":14,"column":28}},"loc":{"start":{"line":14,"column":33},"end":{"line":18,"column":3}},"line":14}},"branchMap":{"0":{"loc":{"start":{"line":7,"column":37},"end":{"line":7,"column":58}},"type":"cond-expr","locations":[{"start":{"line":7,"column":47},"end":{"line":7,"column":53}},{"start":{"line":7,"column":56},"end":{"line":7,"column":58}}],"line":7},"1":{"loc":{"start":{"line":8,"column":37},"end":{"line":8,"column":58}},"type":"cond-expr","locations":[{"start":{"line":8,"column":47},"end":{"line":8,"column":49}},{"start":{"line":8,"column":52},"end":{"line":8,"column":58}}],"line":8}},"s":{"0":0,"1":0,"2":0,"3":0,"4":0,"5":0,"6":0,"7":0,"8":0,"9":0,"10":0},"f":{"0":0,"1":0,"2":0},"b":{"0":[0,0],"1":[0,0]}}
,"D:\\Anton\\fullstackopen\\part5\\bloglist-frontend\\src\\services\\blogs.js": {"path":"D:\\Anton\\fullstackopen\\part5\\bloglist-frontend\\src\\services\\blogs.js","statementMap":{"0":{"start":{"line":2,"column":16},"end":{"line":2,"column":28}},"1":{"start":{"line":4,"column":12},"end":{"line":4,"column":16}},"2":{"start":{"line":6,"column":17},"end":{"line":8,"column":1}},"3":{"start":{"line":7,"column":2},"end":{"line":7,"column":30}},"4":{"start":{"line":10,"column":15},"end":{"line":17,"column":1}},"5":{"start":{"line":11,"column":17},"end":{"line":13,"column":3}},"6":{"start":{"line":15,"column":19},"end":{"line":15,"column":63}},"7":{"start":{"line":16,"column":2},"end":{"line":16,"column":22}},"8":{"start":{"line":19,"column":13},"end":{"line":29,"column":1}},"9":{"start":{"line":20,"column":17},"end":{"line":22,"column":3}},"10":{"start":{"line":23,"column":19},"end":{"line":27,"column":3}},"11":{"start":{"line":28,"column":2},"end":{"line":28,"column":22}},"12":{"start":{"line":31,"column":19},"end":{"line":41,"column":1}},"13":{"start":{"line":32,"column":18},"end":{"line":34,"column":3}},"14":{"start":{"line":36,"column":19},"end":{"line":39,"column":3}},"15":{"start":{"line":40,"column":2},"end":{"line":40,"column":22}},"16":{"start":{"line":43,"column":15},"end":{"line":46,"column":1}},"17":{"start":{"line":44,"column":18},"end":{"line":44,"column":36}},"18":{"start":{"line":45,"column":2},"end":{"line":45,"column":48}},"19":{"start":{"line":45,"column":34},"end":{"line":45,"column":47}}},"fnMap":{"0":{"name":"(anonymous_0)","decl":{"start":{"line":6,"column":17},"end":{"line":6,"column":18}},"loc":{"start":{"line":6,"column":29},"end":{"line":8,"column":1}},"line":6},"1":{"name":"(anonymous_1)","decl":{"start":{"line":10,"column":15},"end":{"line":10,"column":16}},"loc":{"start":{"line":10,"column":34},"end":{"line":17,"column":1}},"line":10},"2":{"name":"(anonymous_2)","decl":{"start":{"line":19,"column":13},"end":{"line":19,"column":14}},"loc":{"start":{"line":19,"column":27},"end":{"line":29,"column":1}},"line":19},"3":{"name":"(anonymous_3)","decl":{"start":{"line":31,"column":19},"end":{"line":31,"column":20}},"loc":{"start":{"line":31,"column":33},"end":{"line":41,"column":1}},"line":31},"4":{"name":"(anonymous_4)","decl":{"start":{"line":43,"column":15},"end":{"line":43,"column":16}},"loc":{"start":{"line":43,"column":21},"end":{"line":46,"column":1}},"line":43},"5":{"name":"(anonymous_5)","decl":{"start":{"line":45,"column":22},"end":{"line":45,"column":23}},"loc":{"start":{"line":45,"column":34},"end":{"line":45,"column":47}},"line":45}},"branchMap":{},"s":{"0":0,"1":0,"2":0,"3":0,"4":0,"5":0,"6":0,"7":0,"8":0,"9":0,"10":0,"11":0,"12":0,"13":0,"14":0,"15":0,"16":0,"17":0,"18":0,"19":0},"f":{"0":0,"1":0,"2":0,"3":0,"4":0,"5":0},"b":{}}
,"D:\\Anton\\fullstackopen\\part5\\bloglist-frontend\\src\\services\\login.js": {"path":"D:\\Anton\\fullstackopen\\part5\\bloglist-frontend\\src\\services\\login.js","statementMap":{"0":{"start":{"line":2,"column":16},"end":{"line":2,"column":28}},"1":{"start":{"line":4,"column":14},"end":{"line":8,"column":1}},"2":{"start":{"line":5,"column":19},"end":{"line":5,"column":57}},"3":{"start":{"line":6,"column":2},"end":{"line":6,"column":28}},"4":{"start":{"line":7,"column":2},"end":{"line":7,"column":22}}},"fnMap":{"0":{"name":"(anonymous_0)","decl":{"start":{"line":4,"column":14},"end":{"line":4,"column":15}},"loc":{"start":{"line":4,"column":35},"end":{"line":8,"column":1}},"line":4}},"branchMap":{},"s":{"0":0,"1":0,"2":0,"3":0,"4":0},"f":{"0":0},"b":{}}
}
